[2026-03-16T09:43:02.916Z] MOCK INVOICE: 1773654182916
{
  "master": {
    "docNo": null,
    "docNoFormatName": null,
    "docDate": "16/03/2026",
    "taxDate": "16/03/2026",
    "debtorCode": "300-C001",
    "debtorName": "Coway (Malaysia) Sdn Bhd",
    "creditTerm": "Net 30 days",
    "salesLocation": "HQ",
    "salesAgent": "Olivia Yap",
    "email": null,
    "address": null,
    "ref": null,
    "description": "For March 2026, the total number of Email sent was 133,754, charged at RM 0.1100 per message.",
    "note": null,
    "remark1": null,
    "remark2": null,
    "remark3": null,
    "remark4": null,
    "currencyRate": 1,
    "inclusiveTax": false,
    "isRoundAdj": false,
    "paymentMethod": null,
    "toBankRate": 1,
    "paymentAmt": 0,
    "paymentRef": null,
    "taxEntity": "TIN:C12113374050",
    "submitEInvoice": "FALSE"
  },
  "details": [
    {
      "productCode": "SMS-Enhanced",
      "accNo": "500-0000",
      "description": "SMS Blast on ECS (Elastic Computing Service) - 2026-03",
      "qty": 3155640,
      "unit": "unit",
      "unitPrice": 0.079,
      "discount": null,
      "taxCode": "SV-6",
      "taxAdjustment": 0,
      "localTaxAdjustment": 0,
      "tariffCode": null,
      "localTotalCost": 0,
      "classificationCode": "022",
      "furtherDescription": "For March 2026, the total number of SMS messages sent via ECS Service was 3,155,640, charged at RM 0.0790 per message."
    },
    {
      "productCode": "SMS-Enhanced",
      "accNo": "500-0000",
      "description": "International SMS Blast on ECS (Elastic Computing Service) - 2026-03",
      "qty": 558,
      "unit": "unit",
      "unitPrice": 0.1,
      "discount": null,
      "taxCode": "SV-6",
      "taxAdjustment": 0,
      "localTaxAdjustment": 0,
      "tariffCode": null,
      "localTotalCost": 0,
      "classificationCode": "022",
      "furtherDescription": "For March 2026, the total number of SMS messages sent via ECS Service was 3,155,640, charged at RM 0.0790 per message."
    },
    {
      "productCode": "Email-Blast",
      "accNo": "500-0000",
      "description": "Email Blast Customised API - 2026-03",
      "qty": 133754,
      "unit": "unit",
      "unitPrice": 0.11,
      "discount": null,
      "taxCode": "SV-6",
      "taxAdjustment": 0,
      "localTaxAdjustment": 0,
      "tariffCode": null,
      "localTotalCost": 0,
      "classificationCode": "022",
      "furtherDescription": "For March 2026, the total number of SMS messages sent via ECS Service was 3,155,640, charged at RM 0.0790 per message."
    }
  ],
  "autoFillOption": {
    "accNo": false,
    "taxCode": true,
    "tariffCode": false,
    "localTotalCost": true
  },
  "saveApprove": null
}

[2026-03-16T10:41:59.076Z] MOCK INVOICE: 1773657719076
{
  "master": {
    "docNo": null,
    "docNoFormatName": null,
    "docDate": "16/03/2026",
    "taxDate": "16/03/2026",
    "debtorCode": "300-C001",
    "debtorName": "Coway (Malaysia) Sdn Bhd",
    "creditTerm": "Net 30 days",
    "salesLocation": "HQ",
    "salesAgent": "Olivia Yap",
    "email": null,
    "address": null,
    "ref": null,
    "description": "For March 2026, the total number of Email sent was 133,754, charged at RM 0.1100 per message.",
    "note": null,
    "remark1": null,
    "remark2": null,
    "remark3": null,
    "remark4": null,
    "currencyRate": 1,
    "inclusiveTax": false,
    "isRoundAdj": false,
    "paymentMethod": null,
    "toBankRate": 1,
    "paymentAmt": 0,
    "paymentRef": null,
    "taxEntity": "TIN:C12113374050",
    "submitEInvoice": "FALSE"
  },
  "details": [
    {
      "productCode": "SMS-Enhanced",
      "accNo": "500-0000",
      "description": "SMS Blast on ECS (Elastic Computing Service) - 2026-03",
      "qty": 3155640,
      "unit": "unit",
      "unitPrice": 0.079,
      "discount": null,
      "taxCode": "SV-6",
      "taxAdjustment": 0,
      "localTaxAdjustment": 0,
      "tariffCode": null,
      "localTotalCost": 0,
      "classificationCode": "022",
      "furtherDescription": "For March 2026, the total number of SMS messages sent via ECS Service was 3,155,640, charged at RM 0.0790 per message."
    },
    {
      "productCode": "SMS-Enhanced",
      "accNo": "500-0000",
      "description": "International SMS Blast on ECS (Elastic Computing Service) - 2026-03",
      "qty": 558,
      "unit": "unit",
      "unitPrice": 0.1,
      "discount": null,
      "taxCode": "SV-6",
      "taxAdjustment": 0,
      "localTaxAdjustment": 0,
      "tariffCode": null,
      "localTotalCost": 0,
      "classificationCode": "022",
      "furtherDescription": "For March 2026, the total number of SMS messages sent via ECS Service was 3,155,640, charged at RM 0.0790 per message."
    },
    {
      "productCode": "Email-Blast",
      "accNo": "500-0000",
      "description": "Email Blast Customised API - 2026-03",
      "qty": 133754,
      "unit": "unit",
      "unitPrice": 0.11,
      "discount": null,
      "taxCode": "SV-6",
      "taxAdjustment": 0,
      "localTaxAdjustment": 0,
      "tariffCode": null,
      "localTotalCost": 0,
      "classificationCode": "022",
      "furtherDescription": "For March 2026, the total number of SMS messages sent via ECS Service was 3,155,640, charged at RM 0.0790 per message."
    }
  ],
  "autoFillOption": {
    "accNo": false,
    "taxCode": true,
    "tariffCode": false,
    "localTotalCost": true
  },
  "saveApprove": null
}

[2026-03-16T10:45:24.940Z] MOCK INVOICE: 1773657924940
{
  "master": {
    "docNo": null,
    "docNoFormatName": null,
    "docDate": "16/03/2026",
    "taxDate": "16/03/2026",
    "debtorCode": "300-C001",
    "debtorName": "Coway (Malaysia) Sdn Bhd",
    "creditTerm": "Net 30 days",
    "salesLocation": "HQ",
    "salesAgent": "Olivia Yap",
    "email": null,
    "address": null,
    "ref": null,
    "description": "For March 2026, the total number of Email sent was 133,754, charged at RM 0.1100 per message.",
    "note": null,
    "remark1": null,
    "remark2": null,
    "remark3": null,
    "remark4": null,
    "currencyRate": 1,
    "inclusiveTax": false,
    "isRoundAdj": false,
    "paymentMethod": null,
    "toBankRate": 1,
    "paymentAmt": 0,
    "paymentRef": null,
    "taxEntity": "TIN:C12113374050",
    "submitEInvoice": "FALSE"
  },
  "details": [
    {
      "productCode": "SMS-Enhanced",
      "accNo": "500-0000",
      "description": "SMS Blast on ECS (Elastic Computing Service) - 2026-03",
      "qty": 3155640,
      "unit": "unit",
      "unitPrice": 0.079,
      "discount": null,
      "taxCode": "SV-6",
      "taxAdjustment": 0,
      "localTaxAdjustment": 0,
      "tariffCode": null,
      "localTotalCost": 0,
      "classificationCode": "022",
      "furtherDescription": "For March 2026, the total number of SMS messages sent via ECS Service was 3,155,640, charged at RM 0.0790 per message."
    },
    {
      "productCode": "SMS-Enhanced",
      "accNo": "500-0000",
      "description": "International SMS Blast on ECS (Elastic Computing Service) - 2026-03",
      "qty": 558,
      "unit": "unit",
      "unitPrice": 0.1,
      "discount": null,
      "taxCode": "SV-6",
      "taxAdjustment": 0,
      "localTaxAdjustment": 0,
      "tariffCode": null,
      "localTotalCost": 0,
      "classificationCode": "022",
      "furtherDescription": "For March 2026, the total number of SMS messages sent via ECS Service was 3,155,640, charged at RM 0.0790 per message."
    },
    {
      "productCode": "Email-Blast",
      "accNo": "500-0000",
      "description": "Email Blast Customised API - 2026-03",
      "qty": 133754,
      "unit": "unit",
      "unitPrice": 0.11,
      "discount": null,
      "taxCode": "SV-6",
      "taxAdjustment": 0,
      "localTaxAdjustment": 0,
      "tariffCode": null,
      "localTotalCost": 0,
      "classificationCode": "022",
      "furtherDescription": "For March 2026, the total number of SMS messages sent via ECS Service was 3,155,640, charged at RM 0.0790 per message."
    }
  ],
  "autoFillOption": {
    "accNo": false,
    "taxCode": true,
    "tariffCode": false,
    "localTotalCost": true
  },
  "saveApprove": null
}

[2026-03-16T10:50:51.233Z] MOCK INVOICE: 1773658251233
{
  "master": {
    "docNo": null,
    "docNoFormatName": null,
    "docDate": "16/03/2026",
    "taxDate": "16/03/2026",
    "debtorCode": "300-C001",
    "debtorName": "Coway (Malaysia) Sdn Bhd",
    "creditTerm": "Net 30 days",
    "salesLocation": "HQ",
    "salesAgent": "Olivia Yap",
    "email": null,
    "address": null,
    "ref": null,
    "description": "For March 2026, the total number of Email sent was 133,754, charged at RM 0.1100 per message.",
    "note": null,
    "remark1": null,
    "remark2": null,
    "remark3": null,
    "remark4": null,
    "currencyRate": 1,
    "inclusiveTax": false,
    "isRoundAdj": false,
    "paymentMethod": null,
    "toBankRate": 1,
    "paymentAmt": 0,
    "paymentRef": null,
    "taxEntity": "TIN:C12113374050",
    "submitEInvoice": "FALSE"
  },
  "details": [
    {
      "productCode": "SMS-Enhanced",
      "accNo": "500-0000",
      "description": "SMS Blast on ECS (Elastic Computing Service) - 2026-03",
      "qty": 3155640,
      "unit": "unit",
      "unitPrice": 0.079,
      "discount": null,
      "taxCode": "SV-6",
      "taxAdjustment": 0,
      "localTaxAdjustment": 0,
      "tariffCode": null,
      "localTotalCost": 0,
      "classificationCode": "022",
      "furtherDescription": "For March 2026, the total number of SMS messages sent via ECS Service was 3,155,640, charged at RM 0.0790 per message."
    },
    {
      "productCode": "SMS-Enhanced",
      "accNo": "500-0000",
      "description": "International SMS Blast on ECS (Elastic Computing Service) - 2026-03",
      "qty": 558,
      "unit": "unit",
      "unitPrice": 0.1,
      "discount": null,
      "taxCode": "SV-6",
      "taxAdjustment": 0,
      "localTaxAdjustment": 0,
      "tariffCode": null,
      "localTotalCost": 0,
      "classificationCode": "022",
      "furtherDescription": "For March 2026, the total number of SMS messages sent via ECS Service was 3,155,640, charged at RM 0.0790 per message."
    },
    {
      "productCode": "Email-Blast",
      "accNo": "500-0000",
      "description": "Email Blast Customised API - 2026-03",
      "qty": 133754,
      "unit": "unit",
      "unitPrice": 0.11,
      "discount": null,
      "taxCode": "SV-6",
      "taxAdjustment": 0,
      "localTaxAdjustment": 0,
      "tariffCode": null,
      "localTotalCost": 0,
      "classificationCode": "022",
      "furtherDescription": "For March 2026, the total number of SMS messages sent via ECS Service was 3,155,640, charged at RM 0.0790 per message."
    }
  ],
  "autoFillOption": {
    "accNo": false,
    "taxCode": true,
    "tariffCode": false,
    "localTotalCost": true
  },
  "saveApprove": null
}

[2026-03-16T12:49:59.690Z] MOCK INVOICE: 1773665399690
{
  "master": {
    "docNo": null,
    "docNoFormatName": null,
    "docDate": "16/03/2026",
    "taxDate": "16/03/2026",
    "debtorCode": "300-C001",
    "debtorName": "Coway (Malaysia) Sdn Bhd",
    "creditTerm": "Net 30 days",
    "salesLocation": "HQ",
    "salesAgent": "Olivia Yap",
    "email": null,
    "address": null,
    "ref": null,
    "description": "For March 2026, the total number of Email sent was 133,754, charged at RM 0.1100 per message.",
    "note": null,
    "remark1": null,
    "remark2": null,
    "remark3": null,
    "remark4": null,
    "currencyRate": 1,
    "inclusiveTax": false,
    "isRoundAdj": false,
    "paymentMethod": null,
    "toBankRate": 1,
    "paymentAmt": 0,
    "paymentRef": null,
    "taxEntity": "TIN:C12113374050",
    "submitEInvoice": "FALSE"
  },
  "details": [
    {
      "productCode": "SMS-Enhanced",
      "accNo": "500-0000",
      "description": "SMS Blast on ECS (Elastic Computing Service) - 2026-03",
      "qty": 3155640,
      "unit": "unit",
      "unitPrice": 0.079,
      "discount": null,
      "taxCode": "SV-6",
      "taxAdjustment": 0,
      "localTaxAdjustment": 0,
      "tariffCode": null,
      "localTotalCost": 0,
      "classificationCode": "022",
      "furtherDescription": "For March 2026, the total number of SMS messages sent via ECS Service was 3,155,640, charged at RM 0.0790 per message."
    },
    {
      "productCode": "SMS-Enhanced",
      "accNo": "500-0000",
      "description": "International SMS Blast on ECS (Elastic Computing Service) - 2026-03",
      "qty": 558,
      "unit": "unit",
      "unitPrice": 0.1,
      "discount": null,
      "taxCode": "SV-6",
      "taxAdjustment": 0,
      "localTaxAdjustment": 0,
      "tariffCode": null,
      "localTotalCost": 0,
      "classificationCode": "022",
      "furtherDescription": "For March 2026, the total number of SMS messages sent via ECS Service was 3,155,640, charged at RM 0.0790 per message."
    },
    {
      "productCode": "Email-Blast",
      "accNo": "500-0000",
      "description": "Email Blast Customised API - 2026-03",
      "qty": 133754,
      "unit": "unit",
      "unitPrice": 0.11,
      "discount": null,
      "taxCode": "SV-6",
      "taxAdjustment": 0,
      "localTaxAdjustment": 0,
      "tariffCode": null,
      "localTotalCost": 0,
      "classificationCode": "022",
      "furtherDescription": "For March 2026, the total number of SMS messages sent via ECS Service was 3,155,640, charged at RM 0.0790 per message."
    }
  ],
  "autoFillOption": {
    "accNo": false,
    "taxCode": true,
    "tariffCode": false,
    "localTotalCost": true
  },
  "saveApprove": null
}

[2026-03-16T12:51:06.307Z] SUBMIT INVOICE: 1773665466307
{
  "master": {
    "docNo": null,
    "docNoFormatName": null,
    "docDate": "16/03/2026",
    "taxDate": "16/03/2026",
    "debtorCode": "300-C001",
    "debtorName": "Coway (Malaysia) Sdn Bhd",
    "creditTerm": "Net 30 days",
    "salesLocation": "HQ",
    "salesAgent": "Olivia Yap",
    "email": null,
    "address": null,
    "ref": null,
    "description": "For March 2026, the total number of Email sent was 133,754, charged at RM 0.1100 per message.",
    "note": null,
    "remark1": null,
    "remark2": null,
    "remark3": null,
    "remark4": null,
    "currencyRate": 1,
    "inclusiveTax": false,
    "isRoundAdj": false,
    "paymentMethod": null,
    "toBankRate": 1,
    "paymentAmt": 0,
    "paymentRef": null,
    "taxEntity": "TIN:C12113374050",
    "submitEInvoice": "FALSE"
  },
  "details": [
    {
      "productCode": "SMS-Enhanced",
      "accNo": "500-0000",
      "description": "SMS Blast on ECS (Elastic Computing Service) - 2026-03",
      "qty": 3155640,
      "unit": "unit",
      "unitPrice": 0.079,
      "discount": null,
      "taxCode": "SV-6",
      "taxAdjustment": 0,
      "localTaxAdjustment": 0,
      "tariffCode": null,
      "localTotalCost": 0,
      "classificationCode": "022",
      "furtherDescription": "For March 2026, the total number of SMS messages sent via ECS Service was 3,155,640, charged at RM 0.0790 per message."
    },
    {
      "productCode": "SMS-Enhanced",
      "accNo": "500-0000",
      "description": "International SMS Blast on ECS (Elastic Computing Service) - 2026-03",
      "qty": 558,
      "unit": "unit",
      "unitPrice": 0.1,
      "discount": null,
      "taxCode": "SV-6",
      "taxAdjustment": 0,
      "localTaxAdjustment": 0,
      "tariffCode": null,
      "localTotalCost": 0,
      "classificationCode": "022",
      "furtherDescription": "For March 2026, the total number of SMS messages sent via ECS Service was 3,155,640, charged at RM 0.0790 per message."
    },
    {
      "productCode": "Email-Blast",
      "accNo": "500-0000",
      "description": "Email Blast Customised API - 2026-03",
      "qty": 133754,
      "unit": "unit",
      "unitPrice": 0.11,
      "discount": null,
      "taxCode": "SV-6",
      "taxAdjustment": 0,
      "localTaxAdjustment": 0,
      "tariffCode": null,
      "localTotalCost": 0,
      "classificationCode": "022",
      "furtherDescription": "For March 2026, the total number of SMS messages sent via ECS Service was 3,155,640, charged at RM 0.0790 per message."
    }
  ],
  "autoFillOption": {
    "accNo": false,
    "taxCode": true,
    "tariffCode": false,
    "localTotalCost": true
  },
  "saveApprove": null
}
[2026-03-16T13:46:31.702Z] MOCK INVOICE: 1773668791702
{
  "master": {
    "docNo": null,
    "docNoFormatName": null,
    "docDate": "2026-03-16",
    "taxDate": "2026-03-16",
    "debtorCode": "300-C001",
    "debtorName": "Coway (Malaysia) Sdn Bhd",
    "creditTerm": "Net 30 days",
    "salesLocation": "HQ",
    "salesAgent": "Olivia Yap",
    "email": null,
    "address": "Level 20, Ilham Tower, No. 8 Jalan Binjai 50450 Kuala Lumpur",
    "ref": null,
    "description": "For March 2026, the total number of Email sent was 133,754, charged at RM 0.1100",
    "note": null,
    "remark1": null,
    "remark2": null,
    "remark3": null,
    "remark4": null,
    "currencyRate": 1,
    "inclusiveTax": false,
    "isRoundAdj": false,
    "paymentMethod": null,
    "toBankRate": 1,
    "paymentAmt": 0,
    "paymentRef": null,
    "taxEntity": "TIN:C12113374050",
    "submitEInvoice": false
  },
  "details": [
    {
      "productCode": "SMS-Enhanced",
      "accNo": "500-0000",
      "description": "SMS Blast on ECS (Elastic Computing Service) - 2026-03",
      "qty": 3155640,
      "unit": "unit",
      "unitPrice": 0.079,
      "discount": null,
      "taxCode": "SV-6",
      "taxAdjustment": 0,
      "localTaxAdjustment": 0,
      "tariffCode": null,
      "localTotalCost": 0,
      "classificationCode": "022",
      "furtherDescription": "For March 2026, the total number of SMS messages sent via ECS Service was 3,155,640, charged at RM 0.0790 per message."
    },
    {
      "productCode": "SMS-Enhanced",
      "accNo": "500-0000",
      "description": "International SMS Blast on ECS (Elastic Computing Service) - 2026-03",
      "qty": 558,
      "unit": "unit",
      "unitPrice": 0.1,
      "discount": null,
      "taxCode": "SV-6",
      "taxAdjustment": 0,
      "localTaxAdjustment": 0,
      "tariffCode": null,
      "localTotalCost": 0,
      "classificationCode": "022",
      "furtherDescription": "For March 2026, the total number of SMS messages sent via ECS Service was 3,155,640, charged at RM 0.0790 per message."
    },
    {
      "productCode": "Email-Blast",
      "accNo": "500-0000",
      "description": "Email Blast Customised API - 2026-03",
      "qty": 133754,
      "unit": "unit",
      "unitPrice": 0.11,
      "discount": null,
      "taxCode": "SV-6",
      "taxAdjustment": 0,
      "localTaxAdjustment": 0,
      "tariffCode": null,
      "localTotalCost": 0,
      "classificationCode": "022",
      "furtherDescription": "For March 2026, the total number of SMS messages sent via ECS Service was 3,155,640, charged at RM 0.0790 per message."
    }
  ],
  "autoFillOption": {
    "accNo": false,
    "taxCode": true,
    "tariffCode": false,
    "localTotalCost": true
  },
  "saveApprove": null
}

[2026-03-16T14:30:04.712Z] MOCK INVOICE: 1773671404712
{
  "master": {
    "docNo": null,
    "docNoFormatName": null,
    "docDate": "2026-03-16",
    "taxDate": "2026-03-16",
    "debtorCode": "300-C001",
    "debtorName": "Coway (Malaysia) Sdn Bhd",
    "creditTerm": "Net 30 days",
    "salesLocation": "HQ",
    "salesAgent": "Olivia Yap",
    "email": null,
    "address": "Level 20, Ilham Tower, No. 8 Jalan Binjai 50450 Kuala Lumpur",
    "ref": null,
    "description": "For March 2026, the total number of Email sent was 133,754, charged at RM 0.1100",
    "note": null,
    "remark1": null,
    "remark2": null,
    "remark3": null,
    "remark4": null,
    "currencyRate": 1,
    "inclusiveTax": false,
    "isRoundAdj": false,
    "paymentMethod": null,
    "toBankRate": 1,
    "paymentAmt": 0,
    "paymentRef": null,
    "taxEntity": "TIN:C12113374050",
    "submitEInvoice": "false"
  },
  "details": [
    {
      "productCode": "SMS-Enhanced",
      "accNo": "500-0000",
      "description": "SMS Blast on ECS (Elastic Computing Service) - 2026-03",
      "qty": 3155640,
      "unit": "unit",
      "unitPrice": 0.079,
      "discount": null,
      "taxCode": "SV-6",
      "taxAdjustment": 0,
      "localTaxAdjustment": 0,
      "tariffCode": null,
      "localTotalCost": 0,
      "classificationCode": "022",
      "furtherDescription": "For {Billing Cycle}, the total number of SMS messages sent via ECS Service was 3,155,640, charged at 0.0790 per message."
    },
    {
      "productCode": "SMS-Enhanced",
      "accNo": "500-0000",
      "description": "International SMS Blast on ECS (Elastic Computing Service) - 2026-03",
      "qty": 558,
      "unit": "unit",
      "unitPrice": 0.1,
      "discount": null,
      "taxCode": "SV-6",
      "taxAdjustment": 0,
      "localTaxAdjustment": 0,
      "tariffCode": null,
      "localTotalCost": 0,
      "classificationCode": "022",
      "furtherDescription": "For {Billing Cycle}, the total number of SMS messages sent via ECS Service was 3,155,640, charged at 0.0790 per message."
    },
    {
      "productCode": "Email-Blast",
      "accNo": "500-0000",
      "description": "Email Blast Customised API - 2026-03",
      "qty": 133754,
      "unit": "unit",
      "unitPrice": 0.11,
      "discount": null,
      "taxCode": "SV-6",
      "taxAdjustment": 0,
      "localTaxAdjustment": 0,
      "tariffCode": null,
      "localTotalCost": 0,
      "classificationCode": "022",
      "furtherDescription": "For March 2026, the total number of Email sent was 133,754, charged at 0.1100\""
    }
  ],
  "autoFillOption": {
    "accNo": false,
    "taxCode": true,
    "tariffCode": false,
    "localTotalCost": true
  },
  "saveApprove": "false"
}

[2026-03-16T15:22:58.160Z] MOCK INVOICE: 1773674578160
{
  "master": {
    "docNo": null,
    "docNoFormatName": null,
    "docDate": "2026-03-16",
    "taxDate": "2026-03-16",
    "debtorCode": "300-C001",
    "debtorName": "Coway (Malaysia) Sdn Bhd",
    "creditTerm": "Net 30 days",
    "salesLocation": "HQ",
    "salesAgent": "Olivia Yap",
    "email": null,
    "address": "Level 20, Ilham Tower, No. 8 Jalan Binjai 50450 Kuala Lumpur",
    "ref": null,
    "description": "For March 2026, the total number of Email sent was 133,754, charged at RM 0.1100",
    "note": null,
    "remark1": null,
    "remark2": null,
    "remark3": null,
    "remark4": null,
    "currencyRate": 1,
    "inclusiveTax": false,
    "isRoundAdj": false,
    "paymentMethod": null,
    "toBankRate": 1,
    "paymentAmt": 0,
    "paymentRef": null,
    "taxEntity": "TIN:C12113374050",
    "submitEInvoice": "false"
  },
  "details": [
    {
      "productCode": "SMS-Enhanced",
      "accNo": "500-0000",
      "description": "SMS Blast on ECS (Elastic Computing Service) - 2026-03",
      "qty": 3155640,
      "unit": "unit",
      "unitPrice": 0.079,
      "discount": null,
      "taxCode": "SV-6",
      "taxAdjustment": 0,
      "localTaxAdjustment": 0,
      "tariffCode": null,
      "localTotalCost": 0,
      "classificationCode": "022",
      "furtherDescription": "For March 2026, the total number of SMS messages sent via ECS Service was 3,155,640, charged at 0.0790 per message."
    },
    {
      "productCode": "SMS-Enhanced",
      "accNo": "500-0000",
      "description": "International SMS Blast on ECS (Elastic Computing Service) - 2026-03",
      "qty": 558,
      "unit": "unit",
      "unitPrice": 0.1,
      "discount": null,
      "taxCode": "SV-6",
      "taxAdjustment": 0,
      "localTaxAdjustment": 0,
      "tariffCode": null,
      "localTotalCost": 0,
      "classificationCode": "022",
      "furtherDescription": "For March 2026, the total number of SMS messages sent via ECS Service was 3,155,640, charged at 0.0790 per message."
    },
    {
      "productCode": "Email-Blast",
      "accNo": "500-0000",
      "description": "Email Blast Customised API - 2026-03",
      "qty": 133754,
      "unit": "unit",
      "unitPrice": 0.11,
      "discount": null,
      "taxCode": "SV-6",
      "taxAdjustment": 0,
      "localTaxAdjustment": 0,
      "tariffCode": null,
      "localTotalCost": 0,
      "classificationCode": "022",
      "furtherDescription": "For March 2026, the total number of Email sent was 133,754, charged at 0.1100\""
    }
  ],
  "autoFillOption": {
    "accNo": false,
    "taxCode": false,
    "tariffCode": false,
    "localTotalCost": true
  },
  "saveApprove": "false"
}

[2026-03-16T15:29:41.333Z] MOCK INVOICE: 1773674981333
{
  "master": {
    "docNo": null,
    "docNoFormatName": null,
    "docDate": "2026-03-16",
    "taxDate": "2026-03-16",
    "debtorCode": "300-C001",
    "debtorName": "Coway (Malaysia) Sdn Bhd",
    "creditTerm": "Net 30 days",
    "salesLocation": "HQ",
    "salesAgent": "Olivia Yap",
    "email": null,
    "address": "Level 20, Ilham Tower, No. 8 Jalan Binjai 50450 Kuala Lumpur",
    "ref": null,
    "description": "For February 2026, the total number of Email sent was 132,119, charged at RM 0.1",
    "note": null,
    "remark1": null,
    "remark2": null,
    "remark3": null,
    "remark4": null,
    "currencyRate": 1,
    "inclusiveTax": false,
    "isRoundAdj": false,
    "paymentMethod": null,
    "toBankRate": 1,
    "paymentAmt": 0,
    "paymentRef": null,
    "taxEntity": "TIN:C12113374050",
    "submitEInvoice": "false"
  },
  "details": [
    {
      "productCode": "SMS-Enhanced",
      "accNo": "500-0000",
      "description": "SMS Blast on ECS (Elastic Computing Service) - 2026-02",
      "qty": 3177227,
      "unit": "unit",
      "unitPrice": 0.079,
      "discount": null,
      "taxCode": "SV-6",
      "taxAdjustment": 0,
      "localTaxAdjustment": 0,
      "tariffCode": null,
      "localTotalCost": 0,
      "classificationCode": "022",
      "furtherDescription": "For February 2026, the total number of SMS messages sent via ECS Service was 3,177,227, charged at 0.0790 per message."
    },
    {
      "productCode": "SMS-Enhanced",
      "accNo": "500-0000",
      "description": "International SMS Blast on ECS (Elastic Computing Service) - 2026-02",
      "qty": 575,
      "unit": "unit",
      "unitPrice": 0.1,
      "discount": null,
      "taxCode": "SV-6",
      "taxAdjustment": 0,
      "localTaxAdjustment": 0,
      "tariffCode": null,
      "localTotalCost": 0,
      "classificationCode": "022",
      "furtherDescription": "For February 2026, the total number of SMS messages sent via ECS Service was 3,177,227, charged at 0.0790 per message."
    },
    {
      "productCode": "Email-Blast",
      "accNo": "500-0000",
      "description": "Email Blast Customised API - 2026-02",
      "qty": 132119,
      "unit": "unit",
      "unitPrice": 0.11,
      "discount": null,
      "taxCode": "SV-6",
      "taxAdjustment": 0,
      "localTaxAdjustment": 0,
      "tariffCode": null,
      "localTotalCost": 0,
      "classificationCode": "022",
      "furtherDescription": "For February 2026, the total number of Email sent was 132,119, charged at 0.1100\""
    }
  ],
  "autoFillOption": {
    "accNo": false,
    "taxCode": false,
    "tariffCode": false,
    "localTotalCost": true
  },
  "saveApprove": "false"
}

[2026-03-16T15:41:42.221Z] MOCK INVOICE: 1773675702221
{
  "master": {
    "docNo": null,
    "docNoFormatName": null,
    "docDate": "2026-03-16",
    "taxDate": "2026-03-16",
    "debtorCode": "300-C001",
    "debtorName": "Coway (Malaysia) Sdn Bhd",
    "creditTerm": "Net 30 days",
    "salesLocation": "HQ",
    "salesAgent": "Olivia Yap",
    "email": null,
    "address": "Level 20, Ilham Tower, No. 8 Jalan Binjai 50450 Kuala Lumpur",
    "ref": null,
    "description": "For March 2026, the total number of Email sent was 133,754, charged at RM 0.1100",
    "note": null,
    "remark1": null,
    "remark2": null,
    "remark3": null,
    "remark4": null,
    "currencyRate": 1,
    "inclusiveTax": false,
    "isRoundAdj": false,
    "paymentMethod": null,
    "toBankRate": 1,
    "paymentAmt": 0,
    "paymentRef": null,
    "taxEntity": "TIN:C12113374050",
    "submitEInvoice": "false"
  },
  "details": [
    {
      "productCode": "SMS-Enhanced",
      "accNo": "500-0000",
      "description": "SMS Blast on ECS (Elastic Computing Service) - 2026-03",
      "qty": 3155640,
      "unit": "unit",
      "unitPrice": 0.079,
      "discount": null,
      "taxCode": "SV-6",
      "taxAdjustment": 0,
      "localTaxAdjustment": 0,
      "tariffCode": null,
      "localTotalCost": 0,
      "classificationCode": "022",
      "furtherDescription": "For March 2026, the total number of SMS messages sent via ECS Service was 3,155,640, charged at 0.0790 per message."
    },
    {
      "productCode": "SMS-Enhanced",
      "accNo": "500-0000",
      "description": "International SMS Blast on ECS (Elastic Computing Service) - 2026-03",
      "qty": 558,
      "unit": "unit",
      "unitPrice": 0.1,
      "discount": null,
      "taxCode": "SV-6",
      "taxAdjustment": 0,
      "localTaxAdjustment": 0,
      "tariffCode": null,
      "localTotalCost": 0,
      "classificationCode": "022",
      "furtherDescription": "For March 2026, the total number of SMS messages sent via ECS Service was 3,155,640, charged at 0.0790 per message."
    },
    {
      "productCode": "Email-Blast",
      "accNo": "500-0000",
      "description": "Email Blast Customised API - 2026-03",
      "qty": 133754,
      "unit": "unit",
      "unitPrice": 0.11,
      "discount": null,
      "taxCode": "SV-6",
      "taxAdjustment": 0,
      "localTaxAdjustment": 0,
      "tariffCode": null,
      "localTotalCost": 0,
      "classificationCode": "022",
      "furtherDescription": "For March 2026, the total number of Email sent was 133,754, charged at 0.1100\""
    }
  ],
  "autoFillOption": {
    "accNo": false,
    "taxCode": false,
    "tariffCode": false,
    "localTotalCost": true
  },
  "saveApprove": "false"
}

